<?xml version="1.0" encoding="UTF-8"?>
<testng-results ignored="0" total="9" passed="8" failed="1" skipped="0">
  <reporter-output>
  </reporter-output>
  <suite started-at="2024-04-28T14:25:48Z" name="Suite" finished-at="2024-04-28T14:27:27Z" duration-ms="99362">
    <groups>
    </groups>
    <test started-at="2024-04-28T14:25:48Z" name="AddToCartTest" finished-at="2024-04-28T14:26:36Z" duration-ms="48264">
      <class name="tests.AddToCartTest">
        <test-method is-config="true" signature="openApplication()[pri:0, instance:tests.AddToCartTest@4ddbbdf8]" started-at="2024-04-28T19:55:48Z" name="openApplication" finished-at="2024-04-28T19:56:00Z" duration-ms="12434" status="PASS">
          <reporter-output>
          </reporter-output>
        </test-method> <!-- openApplication -->
        <test-method signature="AddToCarttest(java.lang.String)[pri:0, instance:tests.AddToCartTest@4ddbbdf8]" started-at="2024-04-28T19:56:00Z" name="AddToCarttest" data-provider="getLoginData" finished-at="2024-04-28T19:56:30Z" duration-ms="29578" status="PASS">
          <params>
            <param index="0">
              <value>
                <![CDATA[Mobiles]]>
              </value>
            </param>
          </params>
          <reporter-output>
          </reporter-output>
        </test-method> <!-- AddToCarttest -->
        <test-method is-config="true" signature="closure()[pri:0, instance:tests.AddToCartTest@4ddbbdf8]" started-at="2024-04-28T19:56:30Z" name="closure" finished-at="2024-04-28T19:56:36Z" duration-ms="6215" status="PASS">
          <reporter-output>
          </reporter-output>
        </test-method> <!-- closure -->
      </class> <!-- tests.AddToCartTest -->
    </test> <!-- AddToCartTest -->
    <test started-at="2024-04-28T14:25:48Z" name="SearchTest" finished-at="2024-04-28T14:26:35Z" duration-ms="47571">
      <class name="tests.SearchTest">
        <test-method is-config="true" signature="openApplication()[pri:0, instance:tests.SearchTest@1bd39d3c]" started-at="2024-04-28T19:55:48Z" name="openApplication" finished-at="2024-04-28T19:55:58Z" duration-ms="10762" status="PASS">
          <reporter-output>
          </reporter-output>
        </test-method> <!-- openApplication -->
        <test-method signature="Searchfeature(java.lang.String)[pri:0, instance:tests.SearchTest@1bd39d3c]" started-at="2024-04-28T19:55:58Z" name="Searchfeature" data-provider="getLoginData" finished-at="2024-04-28T19:56:29Z" duration-ms="30166" status="PASS">
          <params>
            <param index="0">
              <value>
                <![CDATA[Laptop]]>
              </value>
            </param>
          </params>
          <reporter-output>
          </reporter-output>
        </test-method> <!-- Searchfeature -->
        <test-method is-config="true" signature="closure()[pri:0, instance:tests.SearchTest@1bd39d3c]" started-at="2024-04-28T19:56:29Z" name="closure" finished-at="2024-04-28T19:56:35Z" duration-ms="6568" status="PASS">
          <reporter-output>
          </reporter-output>
        </test-method> <!-- closure -->
      </class> <!-- tests.SearchTest -->
    </test> <!-- SearchTest -->
    <test started-at="2024-04-28T14:25:48Z" name="RemoveFromCartTest" finished-at="2024-04-28T14:26:53Z" duration-ms="65077">
      <class name="tests.RemoveFromCartTest">
        <test-method is-config="true" signature="openApplication()[pri:0, instance:tests.RemoveFromCartTest@7fbdb894]" started-at="2024-04-28T19:55:48Z" name="openApplication" finished-at="2024-04-28T19:56:04Z" duration-ms="15954" status="PASS">
          <reporter-output>
          </reporter-output>
        </test-method> <!-- openApplication -->
        <test-method signature="RemoveFromCarttest(java.lang.String)[pri:0, instance:tests.RemoveFromCartTest@7fbdb894]" started-at="2024-04-28T19:56:04Z" name="RemoveFromCarttest" data-provider="getProductName" finished-at="2024-04-28T19:56:31Z" duration-ms="27190" status="PASS">
          <params>
            <param index="0">
              <value>
                <![CDATA[Mobiles]]>
              </value>
            </param>
          </params>
          <reporter-output>
          </reporter-output>
        </test-method> <!-- RemoveFromCarttest -->
        <test-method is-config="true" signature="closure()[pri:0, instance:tests.RemoveFromCartTest@7fbdb894]" started-at="2024-04-28T19:56:31Z" name="closure" finished-at="2024-04-28T19:56:53Z" duration-ms="21896" status="PASS">
          <reporter-output>
          </reporter-output>
        </test-method> <!-- closure -->
      </class> <!-- tests.RemoveFromCartTest -->
    </test> <!-- RemoveFromCartTest -->
    <test started-at="2024-04-28T14:25:48Z" name="ProductQuantityTest" finished-at="2024-04-28T14:26:56Z" duration-ms="68705">
      <class name="tests.ProductQuantityTest">
        <test-method is-config="true" signature="openApplication()[pri:0, instance:tests.ProductQuantityTest@6853425f]" started-at="2024-04-28T19:55:48Z" name="openApplication" finished-at="2024-04-28T19:56:18Z" duration-ms="30452" status="PASS">
          <reporter-output>
          </reporter-output>
        </test-method> <!-- openApplication -->
        <test-method signature="AddToCarttest(java.lang.String)[pri:0, instance:tests.ProductQuantityTest@6853425f]" started-at="2024-04-28T19:56:18Z" name="AddToCarttest" data-provider="getLoginData" finished-at="2024-04-28T19:56:51Z" duration-ms="33242" status="FAIL">
          <params>
            <param index="0">
              <value>
                <![CDATA[earphones]]>
              </value>
            </param>
          </params>
          <exception class="org.openqa.selenium.NoSuchElementException">
            <message>
              <![CDATA[no such element: Unable to locate element: {"method":"css selector","selector":".a\-dropdown\-label"}
  (Session info: chrome=124.0.6367.63)
For documentation on this error, please visit: https://www.selenium.dev/documentation/webdriver/troubleshooting/errors#no-such-element-exception
Build info: version: '4.18.0', revision: 'b6bf9de7cc*'
System info: os.name: 'Windows 11', os.arch: 'amd64', os.version: '10.0', java.version: '17.0.10'
Driver info: org.openqa.selenium.chrome.ChromeDriver
Command: [0fb622a6e967cf6de9335dc7dbec64d5, findElement {value=a-dropdown-label, using=class name}]
Capabilities {acceptInsecureCerts: false, browserName: chrome, browserVersion: 124.0.6367.63, chrome: {chromedriverVersion: 124.0.6367.91 (51df0e5e17a8..., userDataDir: C:\WINDOWS\SystemTemp\scope...}, fedcm:accounts: true, goog:chromeOptions: {debuggerAddress: localhost:55903}, networkConnectionEnabled: false, pageLoadStrategy: normal, platformName: windows, proxy: Proxy(), se:cdp: ws://localhost:55903/devtoo..., se:cdpVersion: 124.0.6367.63, setWindowRect: true, strictFileInteractability: false, timeouts: {implicit: 0, pageLoad: 300000, script: 30000}, unhandledPromptBehavior: dismiss and notify, webauthn:extension:credBlob: true, webauthn:extension:largeBlob: true, webauthn:extension:minPinLength: true, webauthn:extension:prf: true, webauthn:virtualAuthenticators: true}
Session ID: 0fb622a6e967cf6de9335dc7dbec64d5]]>
            </message>
            <full-stacktrace>
              <![CDATA[org.openqa.selenium.NoSuchElementException: no such element: Unable to locate element: {"method":"css selector","selector":".a\-dropdown\-label"}
  (Session info: chrome=124.0.6367.63)
For documentation on this error, please visit: https://www.selenium.dev/documentation/webdriver/troubleshooting/errors#no-such-element-exception
Build info: version: '4.18.0', revision: 'b6bf9de7cc*'
System info: os.name: 'Windows 11', os.arch: 'amd64', os.version: '10.0', java.version: '17.0.10'
Driver info: org.openqa.selenium.chrome.ChromeDriver
Command: [0fb622a6e967cf6de9335dc7dbec64d5, findElement {value=a-dropdown-label, using=class name}]
Capabilities {acceptInsecureCerts: false, browserName: chrome, browserVersion: 124.0.6367.63, chrome: {chromedriverVersion: 124.0.6367.91 (51df0e5e17a8..., userDataDir: C:\WINDOWS\SystemTemp\scope...}, fedcm:accounts: true, goog:chromeOptions: {debuggerAddress: localhost:55903}, networkConnectionEnabled: false, pageLoadStrategy: normal, platformName: windows, proxy: Proxy(), se:cdp: ws://localhost:55903/devtoo..., se:cdpVersion: 124.0.6367.63, setWindowRect: true, strictFileInteractability: false, timeouts: {implicit: 0, pageLoad: 300000, script: 30000}, unhandledPromptBehavior: dismiss and notify, webauthn:extension:credBlob: true, webauthn:extension:largeBlob: true, webauthn:extension:minPinLength: true, webauthn:extension:prf: true, webauthn:virtualAuthenticators: true}
Session ID: 0fb622a6e967cf6de9335dc7dbec64d5
	at java.base/jdk.internal.reflect.NativeConstructorAccessorImpl.newInstance0(Native Method)
	at java.base/jdk.internal.reflect.NativeConstructorAccessorImpl.newInstance(NativeConstructorAccessorImpl.java:77)
	at java.base/jdk.internal.reflect.DelegatingConstructorAccessorImpl.newInstance(DelegatingConstructorAccessorImpl.java:45)
	at java.base/java.lang.reflect.Constructor.newInstanceWithCaller(Constructor.java:499)
	at java.base/java.lang.reflect.Constructor.newInstance(Constructor.java:480)
	at org.openqa.selenium.remote.ErrorCodec.decode(ErrorCodec.java:167)
	at org.openqa.selenium.remote.codec.w3c.W3CHttpResponseCodec.decode(W3CHttpResponseCodec.java:138)
	at org.openqa.selenium.remote.codec.w3c.W3CHttpResponseCodec.decode(W3CHttpResponseCodec.java:50)
	at org.openqa.selenium.remote.HttpCommandExecutor.execute(HttpCommandExecutor.java:190)
	at org.openqa.selenium.remote.service.DriverCommandExecutor.invokeExecute(DriverCommandExecutor.java:216)
	at org.openqa.selenium.remote.service.DriverCommandExecutor.execute(DriverCommandExecutor.java:174)
	at org.openqa.selenium.remote.RemoteWebDriver.execute(RemoteWebDriver.java:519)
	at org.openqa.selenium.remote.ElementLocation$ElementFinder$2.findElement(ElementLocation.java:165)
	at org.openqa.selenium.remote.ElementLocation.findElement(ElementLocation.java:66)
	at org.openqa.selenium.remote.RemoteWebDriver.findElement(RemoteWebDriver.java:356)
	at org.openqa.selenium.remote.RemoteWebDriver.findElement(RemoteWebDriver.java:350)
	at org.openqa.selenium.support.pagefactory.DefaultElementLocator.findElement(DefaultElementLocator.java:68)
	at org.openqa.selenium.support.pagefactory.internal.LocatingElementHandler.invoke(LocatingElementHandler.java:38)
	at jdk.proxy2/jdk.proxy2.$Proxy15.click(Unknown Source)
	at tests.ProductQuantityTest.AddToCarttest(ProductQuantityTest.java:45)
	at java.base/jdk.internal.reflect.NativeMethodAccessorImpl.invoke0(Native Method)
	at java.base/jdk.internal.reflect.NativeMethodAccessorImpl.invoke(NativeMethodAccessorImpl.java:77)
	at java.base/jdk.internal.reflect.DelegatingMethodAccessorImpl.invoke(DelegatingMethodAccessorImpl.java:43)
	at java.base/java.lang.reflect.Method.invoke(Method.java:568)
	at org.testng.internal.MethodInvocationHelper.invokeMethod(MethodInvocationHelper.java:108)
	at org.testng.internal.Invoker.invokeMethod(Invoker.java:661)
	at org.testng.internal.Invoker.invokeTestMethod(Invoker.java:869)
	at org.testng.internal.Invoker.invokeTestMethods(Invoker.java:1193)
	at org.testng.internal.TestMethodWorker.invokeTestMethods(TestMethodWorker.java:126)
	at org.testng.internal.TestMethodWorker.run(TestMethodWorker.java:109)
	at org.testng.TestRunner.privateRun(TestRunner.java:744)
	at org.testng.TestRunner.run(TestRunner.java:602)
	at org.testng.SuiteRunner.runTest(SuiteRunner.java:380)
	at org.testng.SuiteRunner.access$000(SuiteRunner.java:39)
	at org.testng.SuiteRunner$SuiteWorker.run(SuiteRunner.java:414)
	at org.testng.internal.thread.ThreadUtil$1.call(ThreadUtil.java:52)
	at java.base/java.util.concurrent.FutureTask.run(FutureTask.java:264)
	at java.base/java.util.concurrent.ThreadPoolExecutor.runWorker(ThreadPoolExecutor.java:1136)
	at java.base/java.util.concurrent.ThreadPoolExecutor$Worker.run(ThreadPoolExecutor.java:635)
	at java.base/java.lang.Thread.run(Thread.java:840)
]]>
            </full-stacktrace>
          </exception> <!-- org.openqa.selenium.NoSuchElementException -->
          <reporter-output>
          </reporter-output>
        </test-method> <!-- AddToCarttest -->
        <test-method is-config="true" signature="closure()[pri:0, instance:tests.ProductQuantityTest@6853425f]" started-at="2024-04-28T19:56:52Z" name="closure" finished-at="2024-04-28T19:56:56Z" duration-ms="4303" status="PASS">
          <reporter-output>
          </reporter-output>
        </test-method> <!-- closure -->
      </class> <!-- tests.ProductQuantityTest -->
    </test> <!-- ProductQuantityTest -->
    <test started-at="2024-04-28T14:26:37Z" name="ProductDetailsTest" finished-at="2024-04-28T14:27:14Z" duration-ms="37739">
      <class name="tests.ProductDetailsTest">
        <test-method is-config="true" signature="openApplication()[pri:0, instance:tests.ProductDetailsTest@43b9fd5]" started-at="2024-04-28T19:56:37Z" name="openApplication" finished-at="2024-04-28T19:56:49Z" duration-ms="12560" status="PASS">
          <reporter-output>
          </reporter-output>
        </test-method> <!-- openApplication -->
        <test-method signature="ProductTest(java.lang.String)[pri:0, instance:tests.ProductDetailsTest@43b9fd5]" started-at="2024-04-28T19:56:49Z" name="ProductTest" data-provider="getLoginData" finished-at="2024-04-28T19:56:56Z" duration-ms="6418" status="PASS">
          <params>
            <param index="0">
              <value>
                <![CDATA[Laptop]]>
              </value>
            </param>
          </params>
          <reporter-output>
          </reporter-output>
        </test-method> <!-- ProductTest -->
        <test-method is-config="true" signature="closure()[pri:0, instance:tests.ProductDetailsTest@43b9fd5]" started-at="2024-04-28T19:56:56Z" name="closure" finished-at="2024-04-28T19:57:14Z" duration-ms="18756" status="PASS">
          <reporter-output>
          </reporter-output>
        </test-method> <!-- closure -->
      </class> <!-- tests.ProductDetailsTest -->
    </test> <!-- ProductDetailsTest -->
    <test started-at="2024-04-28T14:25:48Z" name="SaveForLaterTest" finished-at="2024-04-28T14:27:15Z" duration-ms="86860">
      <class name="tests.SaveForLaterTest">
        <test-method is-config="true" signature="openApplication()[pri:0, instance:tests.SaveForLaterTest@5b67bb7e]" started-at="2024-04-28T19:55:48Z" name="openApplication" finished-at="2024-04-28T19:55:57Z" duration-ms="9308" status="PASS">
          <reporter-output>
          </reporter-output>
        </test-method> <!-- openApplication -->
        <test-method signature="SaveforLatertest(java.lang.String)[pri:0, instance:tests.SaveForLaterTest@5b67bb7e]" started-at="2024-04-28T19:55:57Z" name="SaveforLatertest" data-provider="getProductName" finished-at="2024-04-28T19:56:41Z" duration-ms="43910" status="PASS">
          <params>
            <param index="0">
              <value>
                <![CDATA[Mobiles]]>
              </value>
            </param>
          </params>
          <reporter-output>
          </reporter-output>
        </test-method> <!-- SaveforLatertest -->
        <test-method is-config="true" signature="closure()[pri:0, instance:tests.SaveForLaterTest@5b67bb7e]" started-at="2024-04-28T19:56:41Z" name="closure" finished-at="2024-04-28T19:57:15Z" duration-ms="33607" status="PASS">
          <reporter-output>
          </reporter-output>
        </test-method> <!-- closure -->
      </class> <!-- tests.SaveForLaterTest -->
    </test> <!-- SaveForLaterTest -->
    <test started-at="2024-04-28T14:26:37Z" name="Login" finished-at="2024-04-28T14:27:16Z" duration-ms="39298">
      <class name="tests.LoginTest">
        <test-method is-config="true" signature="openApplication()[pri:0, instance:tests.LoginTest@20ca951f]" started-at="2024-04-28T19:56:37Z" name="openApplication" finished-at="2024-04-28T19:56:50Z" duration-ms="13945" status="PASS">
          <reporter-output>
          </reporter-output>
        </test-method> <!-- openApplication -->
        <test-method signature="LoginTest(java.lang.String, java.lang.String, java.lang.String)[pri:0, instance:tests.LoginTest@20ca951f]" started-at="2024-04-28T19:56:50Z" name="LoginTest" data-provider="getLoginData" finished-at="2024-04-28T19:57:08Z" duration-ms="17252" status="PASS">
          <params>
            <param index="0">
              <value>
                <![CDATA[7017726362]]>
              </value>
            </param>
            <param index="1">
              <value>
                <![CDATA[Pencil123#]]>
              </value>
            </param>
            <param index="2">
              <value>
                <![CDATA[Successful]]>
              </value>
            </param>
          </params>
          <reporter-output>
          </reporter-output>
        </test-method> <!-- LoginTest -->
        <test-method is-config="true" signature="closure()[pri:0, instance:tests.LoginTest@20ca951f]" started-at="2024-04-28T19:57:08Z" name="closure" finished-at="2024-04-28T19:57:16Z" duration-ms="8088" status="PASS">
          <reporter-output>
          </reporter-output>
        </test-method> <!-- closure -->
      </class> <!-- tests.LoginTest -->
    </test> <!-- Login -->
    <test started-at="2024-04-28T14:26:53Z" name="Checkout" finished-at="2024-04-28T14:27:21Z" duration-ms="27739">
      <class name="tests.CheckoutTest">
        <test-method is-config="true" signature="openApplication()[pri:0, instance:tests.CheckoutTest@babafc2]" started-at="2024-04-28T19:56:53Z" name="openApplication" finished-at="2024-04-28T19:57:05Z" duration-ms="11764" status="PASS">
          <reporter-output>
          </reporter-output>
        </test-method> <!-- openApplication -->
        <test-method signature="CheckoutTest(java.lang.String)[pri:0, instance:tests.CheckoutTest@babafc2]" started-at="2024-04-28T19:57:05Z" name="CheckoutTest" data-provider="getLoginData" finished-at="2024-04-28T19:57:20Z" duration-ms="15180" status="PASS">
          <params>
            <param index="0">
              <value>
                <![CDATA[Laptop]]>
              </value>
            </param>
          </params>
          <reporter-output>
          </reporter-output>
        </test-method> <!-- CheckoutTest -->
        <test-method is-config="true" signature="closure()[pri:0, instance:tests.CheckoutTest@babafc2]" started-at="2024-04-28T19:57:20Z" name="closure" finished-at="2024-04-28T19:57:21Z" duration-ms="792" status="PASS">
          <reporter-output>
          </reporter-output>
        </test-method> <!-- closure -->
      </class> <!-- tests.CheckoutTest -->
    </test> <!-- Checkout -->
    <test started-at="2024-04-28T14:26:56Z" name="Language" finished-at="2024-04-28T14:27:27Z" duration-ms="30595">
      <class name="tests.LanguageTest">
        <test-method is-config="true" signature="openApplication()[pri:0, instance:tests.LanguageTest@3f57bcad]" started-at="2024-04-28T19:56:56Z" name="openApplication" finished-at="2024-04-28T19:57:06Z" duration-ms="9735" status="PASS">
          <reporter-output>
          </reporter-output>
        </test-method> <!-- openApplication -->
        <test-method signature="Languagetest(java.lang.String)[pri:0, instance:tests.LanguageTest@3f57bcad]" started-at="2024-04-28T19:57:06Z" name="Languagetest" data-provider="getLanguage" finished-at="2024-04-28T19:57:27Z" duration-ms="20557" status="PASS">
          <params>
            <param index="0">
              <value>
                <![CDATA[Mobiles]]>
              </value>
            </param>
          </params>
          <reporter-output>
          </reporter-output>
        </test-method> <!-- Languagetest -->
        <test-method is-config="true" signature="closure()[pri:0, instance:tests.LanguageTest@3f57bcad]" started-at="2024-04-28T19:57:27Z" name="closure" finished-at="2024-04-28T19:57:27Z" duration-ms="298" status="PASS">
          <reporter-output>
          </reporter-output>
        </test-method> <!-- closure -->
      </class> <!-- tests.LanguageTest -->
    </test> <!-- Language -->
  </suite> <!-- Suite -->
</testng-results>
